<?xml version="1.0" encoding="UTF-8"?>
<robot generator="Robot 6.1.1 (Python 3.10.12 on linux)" generated="20240503 21:39:29.168" rpa="false" schemaversion="4">
<suite id="s1" name="Tests" source="/home/lassie/MyTemp/kurssit/TJTA330/uusi-repo/uusi-repo/osa3/login-robot/src/tests">
<suite id="s1-s1" name="Login" source="/home/lassie/MyTemp/kurssit/TJTA330/uusi-repo/uusi-repo/osa3/login-robot/src/tests/login.robot">
<test id="s1-s1-t1" name="Login With Correct Credentials" line="6">
<kw name="Create User And Input Login Command" type="SETUP">
<kw name="Create User" library="AppLibrary">
<arg>kalle</arg>
<arg>kalle123</arg>
<status status="PASS" starttime="20240503 21:39:29.194" endtime="20240503 21:39:29.195"/>
</kw>
<kw name="Input Login Command" library="resource">
<kw name="Input" library="AppLibrary">
<arg>login</arg>
<status status="PASS" starttime="20240503 21:39:29.195" endtime="20240503 21:39:29.195"/>
</kw>
<status status="PASS" starttime="20240503 21:39:29.195" endtime="20240503 21:39:29.196"/>
</kw>
<status status="PASS" starttime="20240503 21:39:29.194" endtime="20240503 21:39:29.196"/>
</kw>
<kw name="Input Credentials" library="resource">
<arg>kalle</arg>
<arg>kalle123</arg>
<kw name="Input" library="AppLibrary">
<arg>${username}</arg>
<status status="PASS" starttime="20240503 21:39:29.196" endtime="20240503 21:39:29.197"/>
</kw>
<kw name="Input" library="AppLibrary">
<arg>${password}</arg>
<status status="PASS" starttime="20240503 21:39:29.197" endtime="20240503 21:39:29.197"/>
</kw>
<kw name="Run Application" library="AppLibrary">
<status status="PASS" starttime="20240503 21:39:29.197" endtime="20240503 21:39:29.197"/>
</kw>
<status status="PASS" starttime="20240503 21:39:29.196" endtime="20240503 21:39:29.197"/>
</kw>
<kw name="Output Should Contain" library="AppLibrary">
<arg>Logged in</arg>
<status status="PASS" starttime="20240503 21:39:29.197" endtime="20240503 21:39:29.198"/>
</kw>
<status status="PASS" starttime="20240503 21:39:29.194" endtime="20240503 21:39:29.198"/>
</test>
<test id="s1-s1-t2" name="Login With Incorrect Credentials" line="10">
<kw name="Create User And Input Login Command" type="SETUP">
<kw name="Create User" library="AppLibrary">
<arg>kalle</arg>
<arg>kalle123</arg>
<status status="PASS" starttime="20240503 21:39:29.199" endtime="20240503 21:39:29.199"/>
</kw>
<kw name="Input Login Command" library="resource">
<kw name="Input" library="AppLibrary">
<arg>login</arg>
<status status="PASS" starttime="20240503 21:39:29.199" endtime="20240503 21:39:29.199"/>
</kw>
<status status="PASS" starttime="20240503 21:39:29.199" endtime="20240503 21:39:29.199"/>
</kw>
<status status="PASS" starttime="20240503 21:39:29.198" endtime="20240503 21:39:29.199"/>
</kw>
<kw name="Input Credentials" library="resource">
<arg>kalle</arg>
<arg>kalla123</arg>
<kw name="Input" library="AppLibrary">
<arg>${username}</arg>
<status status="PASS" starttime="20240503 21:39:29.200" endtime="20240503 21:39:29.200"/>
</kw>
<kw name="Input" library="AppLibrary">
<arg>${password}</arg>
<status status="PASS" starttime="20240503 21:39:29.200" endtime="20240503 21:39:29.200"/>
</kw>
<kw name="Run Application" library="AppLibrary">
<status status="PASS" starttime="20240503 21:39:29.200" endtime="20240503 21:39:29.200"/>
</kw>
<status status="PASS" starttime="20240503 21:39:29.199" endtime="20240503 21:39:29.200"/>
</kw>
<kw name="Output Should Contain" library="AppLibrary">
<arg>Invalid username or password</arg>
<status status="PASS" starttime="20240503 21:39:29.200" endtime="20240503 21:39:29.201"/>
</kw>
<status status="PASS" starttime="20240503 21:39:29.198" endtime="20240503 21:39:29.201"/>
</test>
<test id="s1-s1-t3" name="Login With Nonexistent username" line="14">
<kw name="Create User And Input Login Command" type="SETUP">
<kw name="Create User" library="AppLibrary">
<arg>kalle</arg>
<arg>kalle123</arg>
<status status="PASS" starttime="20240503 21:39:29.202" endtime="20240503 21:39:29.202"/>
</kw>
<kw name="Input Login Command" library="resource">
<kw name="Input" library="AppLibrary">
<arg>login</arg>
<status status="PASS" starttime="20240503 21:39:29.203" endtime="20240503 21:39:29.203"/>
</kw>
<status status="PASS" starttime="20240503 21:39:29.202" endtime="20240503 21:39:29.203"/>
</kw>
<status status="PASS" starttime="20240503 21:39:29.202" endtime="20240503 21:39:29.203"/>
</kw>
<kw name="Input Credentials" library="resource">
<arg>jeba</arg>
<arg>jaba18092</arg>
<kw name="Input" library="AppLibrary">
<arg>${username}</arg>
<status status="PASS" starttime="20240503 21:39:29.204" endtime="20240503 21:39:29.204"/>
</kw>
<kw name="Input" library="AppLibrary">
<arg>${password}</arg>
<status status="PASS" starttime="20240503 21:39:29.204" endtime="20240503 21:39:29.204"/>
</kw>
<kw name="Run Application" library="AppLibrary">
<status status="PASS" starttime="20240503 21:39:29.204" endtime="20240503 21:39:29.205"/>
</kw>
<status status="PASS" starttime="20240503 21:39:29.203" endtime="20240503 21:39:29.205"/>
</kw>
<kw name="Output Should Contain" library="AppLibrary">
<arg>Invalid username or password</arg>
<status status="PASS" starttime="20240503 21:39:29.205" endtime="20240503 21:39:29.205"/>
</kw>
<status status="PASS" starttime="20240503 21:39:29.201" endtime="20240503 21:39:29.205"/>
</test>
<status status="PASS" starttime="20240503 21:39:29.187" endtime="20240503 21:39:29.206"/>
</suite>
<suite id="s1-s2" name="Register" source="/home/lassie/MyTemp/kurssit/TJTA330/uusi-repo/uusi-repo/osa3/login-robot/src/tests/register.robot">
<test id="s1-s2-t1" name="Register With Valid Username And Password" line="7">
<kw name="Input New Command And Create user" type="SETUP">
<kw name="Input New Command" library="resource">
<kw name="Input" library="AppLibrary">
<arg>new</arg>
<status status="PASS" starttime="20240503 21:39:29.212" endtime="20240503 21:39:29.212"/>
</kw>
<status status="PASS" starttime="20240503 21:39:29.212" endtime="20240503 21:39:29.212"/>
</kw>
<kw name="Create User" library="AppLibrary">
<arg>velmuk</arg>
<arg>kokolala19</arg>
<status status="PASS" starttime="20240503 21:39:29.212" endtime="20240503 21:39:29.213"/>
</kw>
<status status="PASS" starttime="20240503 21:39:29.211" endtime="20240503 21:39:29.213"/>
</kw>
<kw name="Input Credentials" library="resource">
<arg>kallek</arg>
<arg>kelakala10</arg>
<kw name="Input" library="AppLibrary">
<arg>${username}</arg>
<status status="PASS" starttime="20240503 21:39:29.213" endtime="20240503 21:39:29.213"/>
</kw>
<kw name="Input" library="AppLibrary">
<arg>${password}</arg>
<status status="PASS" starttime="20240503 21:39:29.213" endtime="20240503 21:39:29.214"/>
</kw>
<kw name="Run Application" library="AppLibrary">
<status status="PASS" starttime="20240503 21:39:29.214" endtime="20240503 21:39:29.214"/>
</kw>
<status status="PASS" starttime="20240503 21:39:29.213" endtime="20240503 21:39:29.214"/>
</kw>
<kw name="Output Should Contain" library="AppLibrary">
<arg>New user registered</arg>
<status status="PASS" starttime="20240503 21:39:29.214" endtime="20240503 21:39:29.214"/>
</kw>
<status status="PASS" starttime="20240503 21:39:29.211" endtime="20240503 21:39:29.215"/>
</test>
<test id="s1-s2-t2" name="Register With Already Taken Username And Valid Password" line="12">
<kw name="Input New Command And Create user" type="SETUP">
<kw name="Input New Command" library="resource">
<kw name="Input" library="AppLibrary">
<arg>new</arg>
<status status="PASS" starttime="20240503 21:39:29.217" endtime="20240503 21:39:29.217"/>
</kw>
<status status="PASS" starttime="20240503 21:39:29.216" endtime="20240503 21:39:29.217"/>
</kw>
<kw name="Create User" library="AppLibrary">
<arg>velmuk</arg>
<arg>kokolala19</arg>
<status status="PASS" starttime="20240503 21:39:29.217" endtime="20240503 21:39:29.217"/>
</kw>
<status status="PASS" starttime="20240503 21:39:29.216" endtime="20240503 21:39:29.217"/>
</kw>
<kw name="Create User" library="AppLibrary">
<arg>velmuk</arg>
<arg>kolakala9</arg>
<msg timestamp="20240503 21:39:29.218" level="FAIL">User with username velmuk already exists</msg>
<status status="FAIL" starttime="20240503 21:39:29.218" endtime="20240503 21:39:29.218"/>
</kw>
<kw name="Output Should Contain" library="AppLibrary">
<arg>User with username velmuk already exists</arg>
<status status="NOT RUN" starttime="20240503 21:39:29.219" endtime="20240503 21:39:29.219"/>
</kw>
<status status="FAIL" starttime="20240503 21:39:29.215" endtime="20240503 21:39:29.219">User with username velmuk already exists</status>
</test>
<test id="s1-s2-t3" name="Register With Too Short Username And Valid Password" line="16">
<kw name="Input New Command And Create user" type="SETUP">
<kw name="Input New Command" library="resource">
<kw name="Input" library="AppLibrary">
<arg>new</arg>
<status status="PASS" starttime="20240503 21:39:29.221" endtime="20240503 21:39:29.221"/>
</kw>
<status status="PASS" starttime="20240503 21:39:29.221" endtime="20240503 21:39:29.221"/>
</kw>
<kw name="Create User" library="AppLibrary">
<arg>velmuk</arg>
<arg>kokolala19</arg>
<status status="PASS" starttime="20240503 21:39:29.221" endtime="20240503 21:39:29.221"/>
</kw>
<status status="PASS" starttime="20240503 21:39:29.220" endtime="20240503 21:39:29.221"/>
</kw>
<kw name="Create User" library="AppLibrary">
<arg>je</arg>
<arg>kelakela11</arg>
<status status="PASS" starttime="20240503 21:39:29.222" endtime="20240503 21:39:29.222"/>
</kw>
<kw name="Output Should Contain" library="AppLibrary">
<arg>Username is too short</arg>
<msg timestamp="20240503 21:39:29.222" level="FAIL">Output "Username is too short" is not in []</msg>
<status status="FAIL" starttime="20240503 21:39:29.222" endtime="20240503 21:39:29.222"/>
</kw>
<status status="FAIL" starttime="20240503 21:39:29.219" endtime="20240503 21:39:29.222">Output "Username is too short" is not in []</status>
</test>
<test id="s1-s2-t4" name="Register With Enough Long But Invalid Username And Valid Password" line="21">
<kw name="Input New Command And Create user" type="SETUP">
<kw name="Input New Command" library="resource">
<kw name="Input" library="AppLibrary">
<arg>new</arg>
<status status="PASS" starttime="20240503 21:39:29.224" endtime="20240503 21:39:29.224"/>
</kw>
<status status="PASS" starttime="20240503 21:39:29.223" endtime="20240503 21:39:29.224"/>
</kw>
<kw name="Create User" library="AppLibrary">
<arg>velmuk</arg>
<arg>kokolala19</arg>
<status status="PASS" starttime="20240503 21:39:29.224" endtime="20240503 21:39:29.224"/>
</kw>
<status status="PASS" starttime="20240503 21:39:29.223" endtime="20240503 21:39:29.224"/>
</kw>
<kw name="Create User" library="AppLibrary">
<arg>jea18!!</arg>
<arg>kalakala17</arg>
<msg timestamp="20240503 21:39:29.225" level="INFO">Invalid characters in username</msg>
<status status="PASS" starttime="20240503 21:39:29.224" endtime="20240503 21:39:29.225"/>
</kw>
<kw name="Output Should Contain" library="AppLibrary">
<arg>Invalid characters in username</arg>
<msg timestamp="20240503 21:39:29.225" level="FAIL">Output "Invalid characters in username" is not in []</msg>
<status status="FAIL" starttime="20240503 21:39:29.225" endtime="20240503 21:39:29.225"/>
</kw>
<status status="FAIL" starttime="20240503 21:39:29.223" endtime="20240503 21:39:29.225">Output "Invalid characters in username" is not in []</status>
</test>
<test id="s1-s2-t5" name="Register With Valid Username And Too Short Password" line="26">
<kw name="Input New Command And Create user" type="SETUP">
<kw name="Input New Command" library="resource">
<kw name="Input" library="AppLibrary">
<arg>new</arg>
<status status="PASS" starttime="20240503 21:39:29.227" endtime="20240503 21:39:29.227"/>
</kw>
<status status="PASS" starttime="20240503 21:39:29.227" endtime="20240503 21:39:29.227"/>
</kw>
<kw name="Create User" library="AppLibrary">
<arg>velmuk</arg>
<arg>kokolala19</arg>
<status status="PASS" starttime="20240503 21:39:29.228" endtime="20240503 21:39:29.228"/>
</kw>
<status status="PASS" starttime="20240503 21:39:29.226" endtime="20240503 21:39:29.228"/>
</kw>
<kw name="Create User" library="AppLibrary">
<arg>jeajea</arg>
<arg>j4a</arg>
<msg timestamp="20240503 21:39:29.228" level="INFO">Password is too short</msg>
<status status="PASS" starttime="20240503 21:39:29.228" endtime="20240503 21:39:29.229"/>
</kw>
<kw name="Output Should Contain" library="AppLibrary">
<arg>Password is too short</arg>
<msg timestamp="20240503 21:39:29.229" level="FAIL">Output "Password is too short" is not in []</msg>
<status status="FAIL" starttime="20240503 21:39:29.229" endtime="20240503 21:39:29.229"/>
</kw>
<status status="FAIL" starttime="20240503 21:39:29.226" endtime="20240503 21:39:29.230">Output "Password is too short" is not in []</status>
</test>
<test id="s1-s2-t6" name="Register With Valid Username And Long Enough Password Containing Only Letters" line="31">
<kw name="Input New Command And Create user" type="SETUP">
<kw name="Input New Command" library="resource">
<kw name="Input" library="AppLibrary">
<arg>new</arg>
<status status="PASS" starttime="20240503 21:39:29.231" endtime="20240503 21:39:29.232"/>
</kw>
<status status="PASS" starttime="20240503 21:39:29.231" endtime="20240503 21:39:29.232"/>
</kw>
<kw name="Create User" library="AppLibrary">
<arg>velmuk</arg>
<arg>kokolala19</arg>
<status status="PASS" starttime="20240503 21:39:29.232" endtime="20240503 21:39:29.232"/>
</kw>
<status status="PASS" starttime="20240503 21:39:29.231" endtime="20240503 21:39:29.232"/>
</kw>
<kw name="Create User" library="AppLibrary">
<arg>userjea</arg>
<arg>eimerkkeja</arg>
<status status="PASS" starttime="20240503 21:39:29.232" endtime="20240503 21:39:29.233"/>
</kw>
<kw name="Output Should Contain" library="AppLibrary">
<arg>Password not strong enough</arg>
<msg timestamp="20240503 21:39:29.233" level="FAIL">Output "Password not strong enough" is not in []</msg>
<status status="FAIL" starttime="20240503 21:39:29.233" endtime="20240503 21:39:29.233"/>
</kw>
<status status="FAIL" starttime="20240503 21:39:29.230" endtime="20240503 21:39:29.233">Output "Password not strong enough" is not in []</status>
</test>
<status status="FAIL" starttime="20240503 21:39:29.207" endtime="20240503 21:39:29.234"/>
</suite>
<status status="FAIL" starttime="20240503 21:39:29.168" endtime="20240503 21:39:29.235"/>
</suite>
<statistics>
<total>
<stat pass="4" fail="5" skip="0">All Tests</stat>
</total>
<tag>
</tag>
<suite>
<stat pass="4" fail="5" skip="0" id="s1" name="Tests">Tests</stat>
<stat pass="3" fail="0" skip="0" id="s1-s1" name="Login">Tests.Login</stat>
<stat pass="1" fail="5" skip="0" id="s1-s2" name="Register">Tests.Register</stat>
</suite>
</statistics>
<errors>
</errors>
</robot>
