<?xml version="1.0" encoding="UTF-8"?>
<robot generator="Robot 6.1.1 (Python 3.10.12 on linux)" generated="20240504 17:45:11.657" rpa="false" schemaversion="4">
<suite id="s1" name="Tests" source="/home/lassie/MyTemp/kurssit/TJTA330/uusi-repo/uusi-repo/osa3/login-robot/src/tests">
<suite id="s1-s1" name="Login" source="/home/lassie/MyTemp/kurssit/TJTA330/uusi-repo/uusi-repo/osa3/login-robot/src/tests/login.robot">
<test id="s1-s1-t1" name="Login With Correct Credentials" line="6">
<kw name="Create User And Input Login Command" type="SETUP">
<kw name="Create User" library="AppLibrary">
<arg>kalle</arg>
<arg>kalle123</arg>
<status status="PASS" starttime="20240504 17:45:11.691" endtime="20240504 17:45:11.691"/>
</kw>
<kw name="Input Login Command" library="resource">
<kw name="Input" library="AppLibrary">
<arg>login</arg>
<status status="PASS" starttime="20240504 17:45:11.692" endtime="20240504 17:45:11.692"/>
</kw>
<status status="PASS" starttime="20240504 17:45:11.691" endtime="20240504 17:45:11.692"/>
</kw>
<status status="PASS" starttime="20240504 17:45:11.690" endtime="20240504 17:45:11.692"/>
</kw>
<kw name="Input Credentials" library="resource">
<arg>kalle</arg>
<arg>kalle123</arg>
<kw name="Input" library="AppLibrary">
<arg>${username}</arg>
<status status="PASS" starttime="20240504 17:45:11.692" endtime="20240504 17:45:11.693"/>
</kw>
<kw name="Input" library="AppLibrary">
<arg>${password}</arg>
<status status="PASS" starttime="20240504 17:45:11.693" endtime="20240504 17:45:11.693"/>
</kw>
<kw name="Run Application" library="AppLibrary">
<status status="PASS" starttime="20240504 17:45:11.693" endtime="20240504 17:45:11.694"/>
</kw>
<status status="PASS" starttime="20240504 17:45:11.692" endtime="20240504 17:45:11.694"/>
</kw>
<kw name="Output Should Contain" library="AppLibrary">
<arg>Logged in</arg>
<status status="PASS" starttime="20240504 17:45:11.694" endtime="20240504 17:45:11.694"/>
</kw>
<status status="PASS" starttime="20240504 17:45:11.690" endtime="20240504 17:45:11.694"/>
</test>
<test id="s1-s1-t2" name="Login With Incorrect Credentials" line="10">
<kw name="Create User And Input Login Command" type="SETUP">
<kw name="Create User" library="AppLibrary">
<arg>kalle</arg>
<arg>kalle123</arg>
<status status="PASS" starttime="20240504 17:45:11.696" endtime="20240504 17:45:11.697"/>
</kw>
<kw name="Input Login Command" library="resource">
<kw name="Input" library="AppLibrary">
<arg>login</arg>
<status status="PASS" starttime="20240504 17:45:11.697" endtime="20240504 17:45:11.697"/>
</kw>
<status status="PASS" starttime="20240504 17:45:11.697" endtime="20240504 17:45:11.698"/>
</kw>
<status status="PASS" starttime="20240504 17:45:11.696" endtime="20240504 17:45:11.698"/>
</kw>
<kw name="Input Credentials" library="resource">
<arg>kalle</arg>
<arg>kalla123</arg>
<kw name="Input" library="AppLibrary">
<arg>${username}</arg>
<status status="PASS" starttime="20240504 17:45:11.698" endtime="20240504 17:45:11.698"/>
</kw>
<kw name="Input" library="AppLibrary">
<arg>${password}</arg>
<status status="PASS" starttime="20240504 17:45:11.698" endtime="20240504 17:45:11.699"/>
</kw>
<kw name="Run Application" library="AppLibrary">
<status status="PASS" starttime="20240504 17:45:11.699" endtime="20240504 17:45:11.699"/>
</kw>
<status status="PASS" starttime="20240504 17:45:11.698" endtime="20240504 17:45:11.699"/>
</kw>
<kw name="Output Should Contain" library="AppLibrary">
<arg>Invalid username or password</arg>
<status status="PASS" starttime="20240504 17:45:11.699" endtime="20240504 17:45:11.699"/>
</kw>
<status status="PASS" starttime="20240504 17:45:11.695" endtime="20240504 17:45:11.699"/>
</test>
<test id="s1-s1-t3" name="Login With Nonexistent username" line="14">
<kw name="Create User And Input Login Command" type="SETUP">
<kw name="Create User" library="AppLibrary">
<arg>kalle</arg>
<arg>kalle123</arg>
<status status="PASS" starttime="20240504 17:45:11.700" endtime="20240504 17:45:11.700"/>
</kw>
<kw name="Input Login Command" library="resource">
<kw name="Input" library="AppLibrary">
<arg>login</arg>
<status status="PASS" starttime="20240504 17:45:11.701" endtime="20240504 17:45:11.701"/>
</kw>
<status status="PASS" starttime="20240504 17:45:11.701" endtime="20240504 17:45:11.701"/>
</kw>
<status status="PASS" starttime="20240504 17:45:11.700" endtime="20240504 17:45:11.701"/>
</kw>
<kw name="Input Credentials" library="resource">
<arg>jeba</arg>
<arg>jaba18092</arg>
<kw name="Input" library="AppLibrary">
<arg>${username}</arg>
<status status="PASS" starttime="20240504 17:45:11.702" endtime="20240504 17:45:11.702"/>
</kw>
<kw name="Input" library="AppLibrary">
<arg>${password}</arg>
<status status="PASS" starttime="20240504 17:45:11.702" endtime="20240504 17:45:11.702"/>
</kw>
<kw name="Run Application" library="AppLibrary">
<status status="PASS" starttime="20240504 17:45:11.702" endtime="20240504 17:45:11.702"/>
</kw>
<status status="PASS" starttime="20240504 17:45:11.701" endtime="20240504 17:45:11.702"/>
</kw>
<kw name="Output Should Contain" library="AppLibrary">
<arg>Invalid username or password</arg>
<status status="PASS" starttime="20240504 17:45:11.703" endtime="20240504 17:45:11.703"/>
</kw>
<status status="PASS" starttime="20240504 17:45:11.700" endtime="20240504 17:45:11.703"/>
</test>
<status status="PASS" starttime="20240504 17:45:11.680" endtime="20240504 17:45:11.703"/>
</suite>
<suite id="s1-s2" name="Register" source="/home/lassie/MyTemp/kurssit/TJTA330/uusi-repo/uusi-repo/osa3/login-robot/src/tests/register.robot">
<test id="s1-s2-t1" name="Register With Already Taken Username And Valid Password" line="12">
<kw name="Input New Command And Create user" type="SETUP">
<kw name="Input New Command" library="resource">
<kw name="Input" library="AppLibrary">
<arg>new</arg>
<status status="PASS" starttime="20240504 17:45:11.708" endtime="20240504 17:45:11.708"/>
</kw>
<status status="PASS" starttime="20240504 17:45:11.708" endtime="20240504 17:45:11.708"/>
</kw>
<kw name="Create User" library="AppLibrary">
<arg>velmuk</arg>
<arg>kokolala19</arg>
<status status="PASS" starttime="20240504 17:45:11.709" endtime="20240504 17:45:11.709"/>
</kw>
<kw name="Input New Command" library="resource">
<kw name="Input" library="AppLibrary">
<arg>new</arg>
<status status="PASS" starttime="20240504 17:45:11.711" endtime="20240504 17:45:11.711"/>
</kw>
<status status="PASS" starttime="20240504 17:45:11.710" endtime="20240504 17:45:11.711"/>
</kw>
<status status="PASS" starttime="20240504 17:45:11.707" endtime="20240504 17:45:11.711"/>
</kw>
<kw name="Create User" library="AppLibrary">
<arg>velmuk</arg>
<arg>kolakala9</arg>
<msg timestamp="20240504 17:45:11.712" level="FAIL">User with username velmuk already exists</msg>
<status status="FAIL" starttime="20240504 17:45:11.712" endtime="20240504 17:45:11.713"/>
</kw>
<kw name="Create User" library="AppLibrary">
<arg>velmuk</arg>
<arg>jabadaba210</arg>
<status status="NOT RUN" starttime="20240504 17:45:11.713" endtime="20240504 17:45:11.713"/>
</kw>
<kw name="Output Should Contain" library="AppLibrary">
<arg>User with username velmuk already exists</arg>
<status status="NOT RUN" starttime="20240504 17:45:11.713" endtime="20240504 17:45:11.713"/>
</kw>
<status status="FAIL" starttime="20240504 17:45:11.707" endtime="20240504 17:45:11.714">User with username velmuk already exists</status>
</test>
<test id="s1-s2-t2" name="Register With Too Short Username And Valid Password" line="17">
<kw name="Input New Command And Create user" type="SETUP">
<kw name="Input New Command" library="resource">
<kw name="Input" library="AppLibrary">
<arg>new</arg>
<status status="PASS" starttime="20240504 17:45:11.716" endtime="20240504 17:45:11.716"/>
</kw>
<status status="PASS" starttime="20240504 17:45:11.715" endtime="20240504 17:45:11.716"/>
</kw>
<kw name="Create User" library="AppLibrary">
<arg>velmuk</arg>
<arg>kokolala19</arg>
<status status="PASS" starttime="20240504 17:45:11.716" endtime="20240504 17:45:11.716"/>
</kw>
<kw name="Input New Command" library="resource">
<kw name="Input" library="AppLibrary">
<arg>new</arg>
<status status="PASS" starttime="20240504 17:45:11.717" endtime="20240504 17:45:11.717"/>
</kw>
<status status="PASS" starttime="20240504 17:45:11.717" endtime="20240504 17:45:11.717"/>
</kw>
<status status="PASS" starttime="20240504 17:45:11.715" endtime="20240504 17:45:11.717"/>
</kw>
<kw name="Create User" library="AppLibrary">
<arg>je</arg>
<arg>kelakela11</arg>
<msg timestamp="20240504 17:45:11.718" level="INFO">Username is too short</msg>
<msg timestamp="20240504 17:45:11.718" level="FAIL">Username is too short</msg>
<status status="FAIL" starttime="20240504 17:45:11.717" endtime="20240504 17:45:11.718"/>
</kw>
<kw name="Output Should Contain" library="AppLibrary">
<arg>Username is too short</arg>
<status status="NOT RUN" starttime="20240504 17:45:11.718" endtime="20240504 17:45:11.718"/>
</kw>
<status status="FAIL" starttime="20240504 17:45:11.714" endtime="20240504 17:45:11.718">Username is too short</status>
</test>
<test id="s1-s2-t3" name="Register With Enough Long But Invalid Username And Valid Password" line="22">
<kw name="Input New Command And Create user" type="SETUP">
<kw name="Input New Command" library="resource">
<kw name="Input" library="AppLibrary">
<arg>new</arg>
<status status="PASS" starttime="20240504 17:45:11.720" endtime="20240504 17:45:11.720"/>
</kw>
<status status="PASS" starttime="20240504 17:45:11.719" endtime="20240504 17:45:11.720"/>
</kw>
<kw name="Create User" library="AppLibrary">
<arg>velmuk</arg>
<arg>kokolala19</arg>
<status status="PASS" starttime="20240504 17:45:11.720" endtime="20240504 17:45:11.720"/>
</kw>
<kw name="Input New Command" library="resource">
<kw name="Input" library="AppLibrary">
<arg>new</arg>
<status status="PASS" starttime="20240504 17:45:11.720" endtime="20240504 17:45:11.721"/>
</kw>
<status status="PASS" starttime="20240504 17:45:11.720" endtime="20240504 17:45:11.721"/>
</kw>
<status status="PASS" starttime="20240504 17:45:11.719" endtime="20240504 17:45:11.721"/>
</kw>
<kw name="Create User" library="AppLibrary">
<arg>jea18!!</arg>
<arg>kalakala17</arg>
<msg timestamp="20240504 17:45:11.721" level="INFO">Invalid characters in username</msg>
<msg timestamp="20240504 17:45:11.721" level="FAIL">Invalid characters in username</msg>
<status status="FAIL" starttime="20240504 17:45:11.721" endtime="20240504 17:45:11.721"/>
</kw>
<kw name="Output Should Contain" library="AppLibrary">
<arg>Invalid characters in username</arg>
<status status="NOT RUN" starttime="20240504 17:45:11.722" endtime="20240504 17:45:11.722"/>
</kw>
<status status="FAIL" starttime="20240504 17:45:11.719" endtime="20240504 17:45:11.722">Invalid characters in username</status>
</test>
<test id="s1-s2-t4" name="Register With Valid Username And Too Short Password" line="27">
<kw name="Input New Command And Create user" type="SETUP">
<kw name="Input New Command" library="resource">
<kw name="Input" library="AppLibrary">
<arg>new</arg>
<status status="PASS" starttime="20240504 17:45:11.723" endtime="20240504 17:45:11.723"/>
</kw>
<status status="PASS" starttime="20240504 17:45:11.723" endtime="20240504 17:45:11.723"/>
</kw>
<kw name="Create User" library="AppLibrary">
<arg>velmuk</arg>
<arg>kokolala19</arg>
<status status="PASS" starttime="20240504 17:45:11.724" endtime="20240504 17:45:11.724"/>
</kw>
<kw name="Input New Command" library="resource">
<kw name="Input" library="AppLibrary">
<arg>new</arg>
<status status="PASS" starttime="20240504 17:45:11.724" endtime="20240504 17:45:11.724"/>
</kw>
<status status="PASS" starttime="20240504 17:45:11.724" endtime="20240504 17:45:11.724"/>
</kw>
<status status="PASS" starttime="20240504 17:45:11.722" endtime="20240504 17:45:11.724"/>
</kw>
<kw name="Create User" library="AppLibrary">
<arg>jeajea</arg>
<arg>j4a</arg>
<msg timestamp="20240504 17:45:11.725" level="FAIL">Password is too short</msg>
<status status="FAIL" starttime="20240504 17:45:11.725" endtime="20240504 17:45:11.725"/>
</kw>
<kw name="Output Should Contain" library="AppLibrary">
<arg>Password is too short</arg>
<status status="NOT RUN" starttime="20240504 17:45:11.725" endtime="20240504 17:45:11.725"/>
</kw>
<status status="FAIL" starttime="20240504 17:45:11.722" endtime="20240504 17:45:11.726">Password is too short</status>
</test>
<test id="s1-s2-t5" name="Register With Valid Username And Long Enough Password Containing Only Letters" line="32">
<kw name="Input New Command And Create user" type="SETUP">
<kw name="Input New Command" library="resource">
<kw name="Input" library="AppLibrary">
<arg>new</arg>
<status status="PASS" starttime="20240504 17:45:11.728" endtime="20240504 17:45:11.728"/>
</kw>
<status status="PASS" starttime="20240504 17:45:11.728" endtime="20240504 17:45:11.728"/>
</kw>
<kw name="Create User" library="AppLibrary">
<arg>velmuk</arg>
<arg>kokolala19</arg>
<status status="PASS" starttime="20240504 17:45:11.728" endtime="20240504 17:45:11.729"/>
</kw>
<kw name="Input New Command" library="resource">
<kw name="Input" library="AppLibrary">
<arg>new</arg>
<status status="PASS" starttime="20240504 17:45:11.729" endtime="20240504 17:45:11.729"/>
</kw>
<status status="PASS" starttime="20240504 17:45:11.729" endtime="20240504 17:45:11.729"/>
</kw>
<status status="PASS" starttime="20240504 17:45:11.727" endtime="20240504 17:45:11.729"/>
</kw>
<kw name="Create User" library="AppLibrary">
<arg>userjea</arg>
<arg>eimerkkeja</arg>
<status status="PASS" starttime="20240504 17:45:11.730" endtime="20240504 17:45:11.730"/>
</kw>
<kw name="Output Should Contain" library="AppLibrary">
<arg>Password not strong enough</arg>
<msg timestamp="20240504 17:45:11.730" level="FAIL">Output "Password not strong enough" is not in []</msg>
<status status="FAIL" starttime="20240504 17:45:11.730" endtime="20240504 17:45:11.730"/>
</kw>
<status status="FAIL" starttime="20240504 17:45:11.727" endtime="20240504 17:45:11.730">Output "Password not strong enough" is not in []</status>
</test>
<status status="FAIL" starttime="20240504 17:45:11.704" endtime="20240504 17:45:11.731"/>
</suite>
<status status="FAIL" starttime="20240504 17:45:11.658" endtime="20240504 17:45:11.732"/>
</suite>
<statistics>
<total>
<stat pass="3" fail="5" skip="0">All Tests</stat>
</total>
<tag>
</tag>
<suite>
<stat pass="3" fail="5" skip="0" id="s1" name="Tests">Tests</stat>
<stat pass="3" fail="0" skip="0" id="s1-s1" name="Login">Tests.Login</stat>
<stat pass="0" fail="5" skip="0" id="s1-s2" name="Register">Tests.Register</stat>
</suite>
</statistics>
<errors>
</errors>
</robot>
